Arguments: 
  /usr/local/bin/node /usr/local/bin/yarn add -D @types/node

PATH: 
  /usr/local/sbin:/usr/local/bin:/usr/sbin:/usr/bin:/sbin:/bin:/usr/games:/usr/local/games:/snap/bin

Yarn version: 
  1.22.19

Node version: 
  18.12.1

Platform: 
  linux x64

Trace: 
  Error: EACCES: permission denied, mkdir '/home/duckhanh/codes/ojp-backend/node_modules/abbrev'

npm manifest: 
  {
    "name": "ojp-backend",
    "version": "1.0.0",
    "main": "app.js",
    "scripts": {
      "start:dev": "nodemon --watch 'src/**' --ext 'ts,json' --exec ts-node app"
    },
    "license": "MIT",
    "dependencies": {
      "@11ways/process-monitor": "^0.3.1",
      "@types/express": "^4.17.14",
      "@types/node": "^18.7.23",
      "bluebird": "^3.7.2",
      "body-parser": "^1.20.0",
      "cloudinary": "^1.32.0",
      "cors": "^2.8.5",
      "dotenv": "^16.0.3",
      "express": "^4.18.1",
      "express-validation": "^4.1.0",
      "fast-write-atomic": "^0.2.1",
      "glob": "7.2.0",
      "global": "^4.4.0",
      "handlebars": "^4.7.7",
      "joi": "^17.6.2",
      "jsonwebtoken": "^8.5.1",
      "mongoose": "^6.6.2",
      "monitor-pid": "^1.4.3",
      "multer": "^1.4.5-lts.1",
      "nanoid": "^4.0.0",
      "nodemailer": "^6.8.0",
      "nodemon": "^2.0.20",
      "pidtree": "^0.6.0",
      "pidusage": "^3.0.2",
      "scrypto": "^1.0.3",
      "signale": "^1.4.0",
      "socket.io": "^4.5.3",
      "swagger-jsdoc": "^6.2.5",
      "swagger-ui-express": "^4.5.0",
      "sysstat": "^0.2.0",
      "ts-node": "^10.9.1",
      "typescript": "^4.8.4",
      "uniqid": "^5.4.0",
      "uuid": "^9.0.0"
    }
  }

yarn manifest: 
  No manifest

Lockfile: 
  No lockfile
